info it worked if it ends with ok
verbose cli [ 'node', '/Users/fabian/.nvm/v0.6.1/bin/npm', 'adduser' ]
info using npm@1.1.1
info using node@v0.6.1
verbose config file /Users/fabian/.npmrc
verbose config file /Users/fabian/.nvm/v0.6.1/etc/npmrc
verbose config file /Users/fabian/.nvm/v0.6.1/lib/node_modules/npm/npmrc
verbose before first PUT { name: 'firsara',
verbose before first PUT   salt: '7210907c-256c-4f5f-9ece-3f00b42023eb',
verbose before first PUT   password_sha: '6c3736fab2b2283c9a5d276ca846c258f2c4a88d',
verbose before first PUT   email: 'info@fabianirsara.com',
verbose before first PUT   _id: 'org.couchdb.user:firsara',
verbose before first PUT   type: 'user',
verbose before first PUT   roles: [],
verbose before first PUT   date: '2012-04-13T10:07:00.314Z' }
verbose raw, before any munging /-/user/org.couchdb.user:firsara
verbose url resolving [ 'https://registry.npmjs.org/',
verbose url resolving   './-/user/org.couchdb.user:firsara' ]
verbose url resolved https://registry.npmjs.org/-/user/org.couchdb.user:firsara
http PUT https://registry.npmjs.org/-/user/org.couchdb.user:firsara
verbose back from adduser [ { [Error: getaddrinfo ENOENT] code: 'ENOTFOUND', errno: {}, syscall: 'getaddrinfo' },
verbose back from adduser   undefined,
verbose back from adduser   undefined ]
ERR! Error: getaddrinfo ENOENT
ERR!     at errnoException (dns.js:31:11)
ERR!     at Object.onanswer [as oncomplete] (dns.js:140:16)
ERR! You may report this log at:
ERR!     <http://github.com/isaacs/npm/issues>
ERR! or email it to:
ERR!     <npm-@googlegroups.com>
ERR! 
ERR! System Darwin 11.3.0
ERR! command "node" "/Users/fabian/.nvm/v0.6.1/bin/npm" "adduser"
ERR! cwd /Users/fabian/work/development/sauerkraut-css
ERR! node -v v0.6.1
ERR! npm -v 1.1.1
ERR! syscall getaddrinfo
ERR! code ENOTFOUND
ERR! message getaddrinfo ENOENT
ERR! errno {}
verbose exit [ 1, true ]
